# JRE version: OpenJDK Runtime Environment (11.0.14.1+1) (build 11.0.14.1+1-Ubuntu-0ubuntu1.20.04)
# Java VM: OpenJDK 64-Bit Server VM (11.0.14.1+1-Ubuntu-0ubuntu1.20.04, mixed mode, sharing, tiered, compressed oops, g1 gc, linux-amd64)
Heap:
 garbage-first heap   total 256000K, used 101203K [0x0000000708000000, 0x0000000800000000)
  region size 1024K, 92 young (94208K), 11 survivors (11264K)
 Metaspace       used 29323K, capacity 29686K, committed 29952K, reserved 1075200K
  class space    used 3441K, capacity 3577K, committed 3584K, reserved 1048576K
GC Heap History (9 events):
Event: 0.316 GC heap before
{Heap before GC invocations=0 (full 0):
 garbage-first heap   total 256000K, used 24264K [0x0000000708000000, 0x0000000800000000)
  region size 1024K, 24 young (24576K), 0 survivors (0K)
 Metaspace       used 3830K, capacity 5029K, committed 5120K, reserved 1056768K
  class space    used 395K, capacity 504K, committed 512K, reserved 1048576K
}
Event: 0.322 GC heap after
{Heap after GC invocations=1 (full 0):
 garbage-first heap   total 256000K, used 5507K [0x0000000708000000, 0x0000000800000000)
  region size 1024K, 3 young (3072K), 3 survivors (3072K)
 Metaspace       used 3830K, capacity 5029K, committed 5120K, reserved 1056768K
  class space    used 395K, capacity 504K, committed 512K, reserved 1048576K
}
Event: 0.498 GC heap before
{Heap before GC invocations=1 (full 0):
 garbage-first heap   total 256000K, used 24963K [0x0000000708000000, 0x0000000800000000)
  region size 1024K, 23 young (23552K), 3 survivors (3072K)
 Metaspace       used 6717K, capacity 7402K, committed 7552K, reserved 1056768K
  class space    used 802K, capacity 867K, committed 896K, reserved 1048576K
}
Event: 0.505 GC heap after
{Heap after GC invocations=2 (full 0):
 garbage-first heap   total 256000K, used 9894K [0x0000000708000000, 0x0000000800000000)
  region size 1024K, 3 young (3072K), 3 survivors (3072K)
 Metaspace       used 6717K, capacity 7402K, committed 7552K, reserved 1056768K
  class space    used 802K, capacity 867K, committed 896K, reserved 1048576K
}
Event: 1.069 GC heap before
{Heap before GC invocations=2 (full 0):
 garbage-first heap   total 256000K, used 63142K [0x0000000708000000, 0x0000000800000000)
  region size 1024K, 55 young (56320K), 3 survivors (3072K)
 Metaspace       used 14622K, capacity 14869K, committed 15360K, reserved 1062912K
  class space    used 1866K, capacity 1966K, committed 2048K, reserved 1048576K
}
Event: 1.074 GC heap after
{Heap after GC invocations=3 (full 0):
 garbage-first heap   total 256000K, used 13841K [0x0000000708000000, 0x0000000800000000)
  region size 1024K, 7 young (7168K), 7 survivors (7168K)
 Metaspace       used 14622K, capacity 14869K, committed 15360K, reserved 1062912K
  class space    used 1866K, capacity 1966K, committed 2048K, reserved 1048576K
}
Event: 1.515 GC heap before
{Heap before GC invocations=3 (full 0):
 garbage-first heap   total 256000K, used 62993K [0x0000000708000000, 0x0000000800000000)
  region size 1024K, 56 young (57344K), 7 survivors (7168K)
 Metaspace       used 20659K, capacity 20908K, committed 21248K, reserved 1067008K
  class space    used 2666K, capacity 2783K, committed 2816K, reserved 1048576K
}
Event: 1.524 GC heap after
{Heap after GC invocations=4 (full 0):
 garbage-first heap   total 256000K, used 17235K [0x0000000708000000, 0x0000000800000000)
  region size 1024K, 8 young (8192K), 8 survivors (8192K)
 Metaspace       used 20659K, capacity 20908K, committed 21248K, reserved 1067008K
  class space    used 2666K, capacity 2783K, committed 2816K, reserved 1048576K
}
Event: 2.900 GC heap before
{Heap before GC invocations=5 (full 0):
 garbage-first heap   total 256000K, used 100179K [0x0000000708000000, 0x0000000800000000)
  region size 1024K, 89 young (91136K), 8 survivors (8192K)
 Metaspace       used 29323K, capacity 29686K, committed 29952K, reserved 1075200K
  class space    used 3441K, capacity 3577K, committed 3584K, reserved 1048576K
}

